2018-06-15 15:49:02,203 - Velocimacro :  VM library template macro registration complete.
2018-06-15 15:49:02,204 - Velocimacro : allowInline = true : VMs can be defined inline in templates
2018-06-15 15:49:02,204 - Velocimacro : allowInlineToOverride = false : VMs defined inline may NOT replace previous VM definitions
2018-06-15 15:49:02,204 - Velocimacro : allowInlineLocal = false : VMs defined inline will be  global in scope if allowed.
2018-06-15 15:49:02,204 - Velocimacro : messages on  : VM system will output logging messages
2018-06-15 15:49:02,204 - Velocimacro : autoload off  : VM system will not automatically reload global library macros
2018-06-15 15:49:02,204 - Velocimacro : initialization complete.
2018-06-15 15:49:02,204 - Velocity successfully started.
2018-06-15 20:18:28,321 - SimpleLog4JLogSystem initialized using logfile 'velocity.log'
2018-06-15 20:18:28,321 - ************************************************************** 
2018-06-15 20:18:28,321 - Starting Jakarta Velocity v1.4
2018-06-15 20:18:28,321 - RuntimeInstance initializing.
2018-06-15 20:18:28,322 - Default Properties File: org\apache\velocity\runtime\defaults\velocity.properties
2018-06-15 20:18:28,322 - Trying to use logger class org.apache.velocity.runtime.log.SimpleLog4JLogSystem
2018-06-15 20:18:28,322 - Using logger class org.apache.velocity.runtime.log.SimpleLog4JLogSystem
2018-06-15 20:18:28,325 - Default ResourceManager initializing. (class org.apache.velocity.runtime.resource.ResourceManagerImpl)
2018-06-15 20:18:28,328 - Resource Loader Instantiated: org.apache.velocity.runtime.resource.loader.ClasspathResourceLoader
2018-06-15 20:18:28,328 - ClasspathResourceLoader : initialization starting.
2018-06-15 20:18:28,328 - ClasspathResourceLoader : initialization complete.
2018-06-15 20:18:28,330 - ResourceCache : initialized. (class org.apache.velocity.runtime.resource.ResourceCacheImpl)
2018-06-15 20:18:28,330 - Default ResourceManager initialization complete.
2018-06-15 20:18:28,333 - Loaded System Directive: org.apache.velocity.runtime.directive.Literal
2018-06-15 20:18:28,335 - Loaded System Directive: org.apache.velocity.runtime.directive.Macro
2018-06-15 20:18:28,338 - Loaded System Directive: org.apache.velocity.runtime.directive.Parse
2018-06-15 20:18:28,339 - Loaded System Directive: org.apache.velocity.runtime.directive.Include
2018-06-15 20:18:28,340 - Loaded System Directive: org.apache.velocity.runtime.directive.Foreach
2018-06-15 20:18:28,367 - Created: 20 parsers.
2018-06-15 20:18:28,375 - Velocimacro : initialization starting.
2018-06-15 20:18:28,375 - Velocimacro : adding VMs from VM library template : VM_global_library.vm
2018-06-15 20:18:28,385 - ResourceManager : unable to find resource 'VM_global_library.vm' in any resource loader.
2018-06-15 20:18:28,385 - Velocimacro : error using  VM library template VM_global_library.vm : org.apache.velocity.exception.ResourceNotFoundException: Unable to find resource 'VM_global_library.vm'
2018-06-15 20:18:28,385 - Velocimacro :  VM library template macro registration complete.
2018-06-15 20:18:28,385 - Velocimacro : allowInline = true : VMs can be defined inline in templates
2018-06-15 20:18:28,385 - Velocimacro : allowInlineToOverride = false : VMs defined inline may NOT replace previous VM definitions
2018-06-15 20:18:28,385 - Velocimacro : allowInlineLocal = false : VMs defined inline will be  global in scope if allowed.
2018-06-15 20:18:28,385 - Velocimacro : messages on  : VM system will output logging messages
2018-06-15 20:18:28,385 - Velocimacro : autoload off  : VM system will not automatically reload global library macros
2018-06-15 20:18:28,385 - Velocimacro : initialization complete.
2018-06-15 20:18:28,385 - Velocity successfully started.
2018-06-15 21:10:55,935 - SimpleLog4JLogSystem initialized using logfile 'velocity.log'
2018-06-15 21:10:55,935 - ************************************************************** 
2018-06-15 21:10:55,935 - Starting Jakarta Velocity v1.4
2018-06-15 21:10:55,936 - RuntimeInstance initializing.
2018-06-15 21:10:55,936 - Default Properties File: org\apache\velocity\runtime\defaults\velocity.properties
2018-06-15 21:10:55,936 - Trying to use logger class org.apache.velocity.runtime.log.SimpleLog4JLogSystem
2018-06-15 21:10:55,936 - Using logger class org.apache.velocity.runtime.log.SimpleLog4JLogSystem
2018-06-15 21:10:55,940 - Default ResourceManager initializing. (class org.apache.velocity.runtime.resource.ResourceManagerImpl)
2018-06-15 21:10:55,944 - Resource Loader Instantiated: org.apache.velocity.runtime.resource.loader.ClasspathResourceLoader
2018-06-15 21:10:55,944 - ClasspathResourceLoader : initialization starting.
2018-06-15 21:10:55,944 - ClasspathResourceLoader : initialization complete.
2018-06-15 21:10:55,948 - ResourceCache : initialized. (class org.apache.velocity.runtime.resource.ResourceCacheImpl)
2018-06-15 21:10:55,948 - Default ResourceManager initialization complete.
2018-06-15 21:10:55,956 - Loaded System Directive: org.apache.velocity.runtime.directive.Literal
2018-06-15 21:10:55,958 - Loaded System Directive: org.apache.velocity.runtime.directive.Macro
2018-06-15 21:10:55,965 - Loaded System Directive: org.apache.velocity.runtime.directive.Parse
2018-06-15 21:10:55,971 - Loaded System Directive: org.apache.velocity.runtime.directive.Include
2018-06-15 21:10:55,975 - Loaded System Directive: org.apache.velocity.runtime.directive.Foreach
2018-06-15 21:10:56,047 - Created: 20 parsers.
2018-06-15 21:10:56,063 - Velocimacro : initialization starting.
2018-06-15 21:10:56,063 - Velocimacro : adding VMs from VM library template : VM_global_library.vm
2018-06-15 21:10:56,079 - ResourceManager : unable to find resource 'VM_global_library.vm' in any resource loader.
2018-06-15 21:10:56,079 - Velocimacro : error using  VM library template VM_global_library.vm : org.apache.velocity.exception.ResourceNotFoundException: Unable to find resource 'VM_global_library.vm'
2018-06-15 21:10:56,079 - Velocimacro :  VM library template macro registration complete.
2018-06-15 21:10:56,079 - Velocimacro : allowInline = true : VMs can be defined inline in templates
2018-06-15 21:10:56,079 - Velocimacro : allowInlineToOverride = false : VMs defined inline may NOT replace previous VM definitions
2018-06-15 21:10:56,079 - Velocimacro : allowInlineLocal = false : VMs defined inline will be  global in scope if allowed.
2018-06-15 21:10:56,080 - Velocimacro : messages on  : VM system will output logging messages
2018-06-15 21:10:56,080 - Velocimacro : autoload off  : VM system will not automatically reload global library macros
2018-06-15 21:10:56,080 - Velocimacro : initialization complete.
2018-06-15 21:10:56,080 - Velocity successfully started.
